info: == Winston configured....OK
info: == Winston configured....OK
error: Custom error to check async error.
error: Custom error to check async error.
info: == Winston configured....OK
info: == Winston configured....OK
error: Cannot destructure property `name` of 'undefined' or 'null'.
error: Cannot destructure property `name` of 'undefined' or 'null'.
info: == Winston configured....OK
error: Cannot destructure property `name` of 'undefined' or 'null'.
info: == Winston configured....OK
error: Land.save is not a function
info: == Winston configured....OK
error: Land.save is not a function
info: == Winston configured....OK
info: == Winston configured....OK
info: == Winston configured....OK
info: == Winston configured....OK
info: == Winston configured....OK
info: == Winston configured....OK
info: == Winston configured....OK
info: == Winston configured....OK
error: E11000 duplicate key error collection: land-manager-db.users index: email_1 dup key: { : "md_khurshid@hotmail.com" }
info: == Winston configured....OK
info: == Winston configured....OK
info: == Winston configured....OK
info: == Winston configured....OK
error: _ is not defined
info: == Winston configured....OK
info: == Winston configured....OK
info: == Winston configured....OK
info: == Winston configured....OK
info: == Winston configured....OK
info: == Winston configured....OK
info: == Winston configured....OK
info: == Winston configured....OK
info: == Winston configured....OK
info: == Winston configured....OK
info: == Winston configured....OK
info: == Winston configured....OK
info: == Winston configured....OK
error: userFound.verifyPassword is not a function
info: == Winston configured....OK
info: == Winston configured....OK
info: == Winston configured....OK
info: == Winston configured....OK
info: == Winston configured....OK
info: == Winston configured....OK
info: == Winston configured....OK
info: == Winston configured....OK
info: == Winston configured....OK
info: == Winston configured....OK
info: == Winston configured....OK
error: Invalid salt. Salt must be in the form of: $Vers$log2(NumRounds)$saltvalue
info: == Winston configured....OK
info: == Winston configured....OK
info: == Winston configured....OK
info: == Winston configured....OK
